<?xml version="1.0" encoding="UTF-8"?>
<testng-results ignored="0" total="3" passed="3" failed="0" skipped="0">
  <reporter-output>
  </reporter-output>
  <suite started-at="2026-01-31T12:50:10 IST" name="Suite" finished-at="2026-01-31T12:51:01 IST" duration-ms="50480">
    <groups>
    </groups>
    <test started-at="2026-01-31T12:50:10 IST" name="Error Validations Test" finished-at="2026-01-31T12:50:31 IST" duration-ms="21145">
      <class name="rahulshettyacademy.test.ErrorValidationsTest">
        <test-method is-config="true" signature="launchApplication()[pri:0, instance:rahulshettyacademy.test.ErrorValidationsTest@7dfd3c81]" started-at="2026-01-31T12:50:11 IST" name="launchApplication" finished-at="2026-01-31T12:50:28 IST" duration-ms="17716" status="PASS">
          <reporter-output>
          </reporter-output>
        </test-method> <!-- launchApplication -->
        <test-method signature="errorValidation()[pri:0, instance:rahulshettyacademy.test.ErrorValidationsTest@7dfd3c81]" started-at="2026-01-31T12:50:28 IST" name="errorValidation" finished-at="2026-01-31T12:50:30 IST" duration-ms="2183" status="PASS">
          <reporter-output>
          </reporter-output>
        </test-method> <!-- errorValidation -->
        <test-method is-config="true" signature="tearDown()[pri:0, instance:rahulshettyacademy.test.ErrorValidationsTest@7dfd3c81]" started-at="2026-01-31T12:50:30 IST" name="tearDown" finished-at="2026-01-31T12:50:31 IST" duration-ms="1017" status="PASS">
          <reporter-output>
          </reporter-output>
        </test-method> <!-- tearDown -->
      </class> <!-- rahulshettyacademy.test.ErrorValidationsTest -->
    </test> <!-- Error Validations Test -->
    <test started-at="2026-01-31T12:50:10 IST" name="Submit OrderTest" finished-at="2026-01-31T12:51:01 IST" duration-ms="50480">
      <class name="rahulshettyacademy.test.SubmitOrderTest">
        <test-method is-config="true" signature="launchApplication()[pri:0, instance:rahulshettyacademy.test.SubmitOrderTest@66982506]" started-at="2026-01-31T12:50:11 IST" name="launchApplication" finished-at="2026-01-31T12:50:24 IST" duration-ms="12428" status="PASS">
          <reporter-output>
          </reporter-output>
        </test-method> <!-- launchApplication -->
        <test-method signature="submitOrder(java.util.HashMap)[pri:0, instance:rahulshettyacademy.test.SubmitOrderTest@66982506]" started-at="2026-01-31T12:50:24 IST" name="submitOrder" data-provider="getData" finished-at="2026-01-31T12:50:34 IST" duration-ms="10599" status="PASS">
          <params>
            <param index="0">
              <value>
                <![CDATA[{password=Oraib@786, email=oraib59@gmaiil.com, productName=ZARA COAT 3}]]>
              </value>
            </param>
          </params>
          <reporter-output>
          </reporter-output>
        </test-method> <!-- submitOrder -->
        <test-method is-config="true" signature="tearDown()[pri:0, instance:rahulshettyacademy.test.SubmitOrderTest@66982506]" started-at="2026-01-31T12:50:34 IST" name="tearDown" finished-at="2026-01-31T12:50:35 IST" duration-ms="367" status="PASS">
          <reporter-output>
          </reporter-output>
        </test-method> <!-- tearDown -->
        <test-method is-config="true" signature="launchApplication()[pri:0, instance:rahulshettyacademy.test.SubmitOrderTest@66982506]" started-at="2026-01-31T12:50:35 IST" name="launchApplication" finished-at="2026-01-31T12:50:43 IST" duration-ms="7754" status="PASS">
          <reporter-output>
          </reporter-output>
        </test-method> <!-- launchApplication -->
        <test-method signature="submitOrder(java.util.HashMap)[pri:0, instance:rahulshettyacademy.test.SubmitOrderTest@66982506]" started-at="2026-01-31T12:50:43 IST" name="submitOrder" data-provider="getData" finished-at="2026-01-31T12:51:00 IST" duration-ms="17477" status="PASS">
          <params>
            <param index="0">
              <value>
                <![CDATA[{password=Oraib@786, email=juned59@gmail.com, productName=ADIDAS ORIGINAL}]]>
              </value>
            </param>
          </params>
          <reporter-output>
          </reporter-output>
        </test-method> <!-- submitOrder -->
        <test-method is-config="true" signature="tearDown()[pri:0, instance:rahulshettyacademy.test.SubmitOrderTest@66982506]" started-at="2026-01-31T12:51:00 IST" name="tearDown" finished-at="2026-01-31T12:51:01 IST" duration-ms="708" status="PASS">
          <reporter-output>
          </reporter-output>
        </test-method> <!-- tearDown -->
      </class> <!-- rahulshettyacademy.test.SubmitOrderTest -->
    </test> <!-- Submit OrderTest -->
  </suite> <!-- Suite -->
</testng-results>
