<?xml version="1.0" encoding="UTF-8"?>
<testng-results ignored="0" total="3" passed="3" failed="0" skipped="0">
  <reporter-output>
  </reporter-output>
  <suite started-at="2026-01-31T11:21:25 IST" name="Suite" finished-at="2026-01-31T11:22:22 IST" duration-ms="57167">
    <groups>
    </groups>
    <test started-at="2026-01-31T11:21:25 IST" name="Error Validations Test" finished-at="2026-01-31T11:21:40 IST" duration-ms="15553">
      <class name="rahulshettyacademy.test.ErrorValidationsTest">
        <test-method is-config="true" signature="launchApplication()[pri:0, instance:rahulshettyacademy.test.ErrorValidationsTest@4f1bfe23]" started-at="2026-01-31T11:21:25 IST" name="launchApplication" finished-at="2026-01-31T11:21:37 IST" duration-ms="12092" status="PASS">
          <reporter-output>
          </reporter-output>
        </test-method> <!-- launchApplication -->
        <test-method signature="errorValidation()[pri:0, instance:rahulshettyacademy.test.ErrorValidationsTest@4f1bfe23]" started-at="2026-01-31T11:21:37 IST" name="errorValidation" finished-at="2026-01-31T11:21:39 IST" duration-ms="2625" status="PASS">
          <reporter-output>
          </reporter-output>
        </test-method> <!-- errorValidation -->
        <test-method is-config="true" signature="tearDown()[pri:0, instance:rahulshettyacademy.test.ErrorValidationsTest@4f1bfe23]" started-at="2026-01-31T11:21:40 IST" name="tearDown" finished-at="2026-01-31T11:21:40 IST" duration-ms="602" status="PASS">
          <reporter-output>
          </reporter-output>
        </test-method> <!-- tearDown -->
      </class> <!-- rahulshettyacademy.test.ErrorValidationsTest -->
    </test> <!-- Error Validations Test -->
    <test started-at="2026-01-31T11:21:25 IST" name="Submit OrderTest" finished-at="2026-01-31T11:22:22 IST" duration-ms="57167">
      <class name="rahulshettyacademy.test.SubmitOrderTest">
        <test-method is-config="true" signature="launchApplication()[pri:0, instance:rahulshettyacademy.test.SubmitOrderTest@4ed5eb72]" started-at="2026-01-31T11:21:26 IST" name="launchApplication" finished-at="2026-01-31T11:21:37 IST" duration-ms="10905" status="PASS">
          <reporter-output>
          </reporter-output>
        </test-method> <!-- launchApplication -->
        <test-method signature="submitOrder(java.util.HashMap)[pri:0, instance:rahulshettyacademy.test.SubmitOrderTest@4ed5eb72]" started-at="2026-01-31T11:21:37 IST" name="submitOrder" data-provider="getData" finished-at="2026-01-31T11:21:55 IST" duration-ms="18543" status="PASS">
          <params>
            <param index="0">
              <value>
                <![CDATA[{password=Oraib@786, email=oraib59@gmaiil.com, productName=ZARA COAT 3}]]>
              </value>
            </param>
          </params>
          <reporter-output>
          </reporter-output>
        </test-method> <!-- submitOrder -->
        <test-method is-config="true" signature="tearDown()[pri:0, instance:rahulshettyacademy.test.SubmitOrderTest@4ed5eb72]" started-at="2026-01-31T11:21:55 IST" name="tearDown" finished-at="2026-01-31T11:21:57 IST" duration-ms="1805" status="PASS">
          <reporter-output>
          </reporter-output>
        </test-method> <!-- tearDown -->
        <test-method is-config="true" signature="launchApplication()[pri:0, instance:rahulshettyacademy.test.SubmitOrderTest@4ed5eb72]" started-at="2026-01-31T11:21:57 IST" name="launchApplication" finished-at="2026-01-31T11:22:01 IST" duration-ms="4068" status="PASS">
          <reporter-output>
          </reporter-output>
        </test-method> <!-- launchApplication -->
        <test-method signature="submitOrder(java.util.HashMap)[pri:0, instance:rahulshettyacademy.test.SubmitOrderTest@4ed5eb72]" started-at="2026-01-31T11:22:01 IST" name="submitOrder" data-provider="getData" finished-at="2026-01-31T11:22:21 IST" duration-ms="20038" status="PASS">
          <params>
            <param index="0">
              <value>
                <![CDATA[{password=Oraib@786, email=juned59@gmail.com, productName=ADIDAS ORIGINAL}]]>
              </value>
            </param>
          </params>
          <reporter-output>
          </reporter-output>
        </test-method> <!-- submitOrder -->
        <test-method is-config="true" signature="tearDown()[pri:0, instance:rahulshettyacademy.test.SubmitOrderTest@4ed5eb72]" started-at="2026-01-31T11:22:21 IST" name="tearDown" finished-at="2026-01-31T11:22:22 IST" duration-ms="677" status="PASS">
          <reporter-output>
          </reporter-output>
        </test-method> <!-- tearDown -->
      </class> <!-- rahulshettyacademy.test.SubmitOrderTest -->
    </test> <!-- Submit OrderTest -->
  </suite> <!-- Suite -->
</testng-results>
