<?xml version="1.0" encoding="UTF-8"?>
<!-- Generated by org.testng.reporters.JUnitReportReporter -->
<testsuite hostname="DESKTOP-N8MCM3T" failures="0" tests="2" name="rahulshettyacademy.test.SubmitOrderTest" time="56.036" errors="0" timestamp="2026-01-31T11:22:22 IST" skipped="0">
  <testcase classname="rahulshettyacademy.test.SubmitOrderTest" name="submitOrder" time="30.125"/>
  <testcase classname="rahulshettyacademy.test.SubmitOrderTest" name="submitOrder" time="25.911"/>
</testsuite> <!-- rahulshettyacademy.test.SubmitOrderTest -->
