<?xml version="1.0" encoding="UTF-8"?>
<!-- Generated by org.testng.reporters.JUnitReportReporter -->
<testsuite hostname="DESKTOP-N8MCM3T" failures="0" tests="2" name="rahulshettyacademy.test.SubmitOrderTest" time="49.333" errors="0" timestamp="2026-01-31T12:51:01 IST" skipped="0">
  <testcase classname="rahulshettyacademy.test.SubmitOrderTest" name="submitOrder" time="23.735"/>
  <testcase classname="rahulshettyacademy.test.SubmitOrderTest" name="submitOrder" time="25.598"/>
</testsuite> <!-- rahulshettyacademy.test.SubmitOrderTest -->
